<?xml version="1.0" encoding="UTF-8"?>
<!-- Generated by org.testng.reporters.JUnitReportReporter -->
<testsuite hostname="DESKTOP-0KDP1L5" name="com.clc.util.OHRMLoginTest" tests="1" failures="0" timestamp="12 Apr 2019 09:21:45 GMT" time="15.583" errors="0">
  <testcase name="verifyLogin" time="15.583" classname="com.clc.util.OHRMLoginTest"/>
</testsuite> <!-- com.clc.util.OHRMLoginTest -->
