<?xml version="1.0" encoding="UTF-8"?>
<!-- Generated by org.testng.reporters.JUnitReportReporter -->
<testsuite hostname="DESKTOP-0KDP1L5" name="com.clc.util.ToolsPageTest" tests="1" failures="0" timestamp="12 Apr 2019 10:28:49 GMT" time="25.785" errors="0">
  <testcase name="verifyPracticeForm" time="25.785" classname="com.clc.util.ToolsPageTest"/>
</testsuite> <!-- com.clc.util.ToolsPageTest -->
