<?xml version="1.0" encoding="UTF-8"?>
<!-- Generated by org.testng.reporters.JUnitReportReporter -->
<testsuite hostname="Pratiksha-PC" name="com.clc.automation.AutomationFrameworkProject1.Toolstable" tests="1" failures="0" timestamp="17 May 2019 10:18:14 GMT" time="11.317" errors="0">
  <testcase name="file" time="11.317" classname="com.clc.automation.AutomationFrameworkProject1.Toolstable"/>
</testsuite> <!-- com.clc.automation.AutomationFrameworkProject1.Toolstable -->
