<?xml version="1.0" encoding="UTF-8"?>
<!-- Generated by org.testng.reporters.JUnitReportReporter -->
<testsuite hostname="Pratiksha-PC" name="com.clc.automation.AutomationFrameworkProject1.LoginTestOHRM" tests="1" failures="0" timestamp="22 Jul 2019 06:30:24 GMT" time="8.882" errors="0">
  <testcase name="verifypage" time="8.882" classname="com.clc.automation.AutomationFrameworkProject1.LoginTestOHRM"/>
</testsuite> <!-- com.clc.automation.AutomationFrameworkProject1.LoginTestOHRM -->
