<?xml version="1.0" encoding="UTF-8"?>
<!-- Generated by org.testng.reporters.JUnitReportReporter -->
<testsuite hostname="Pratiksha-PC" name="com.clc.automation.AutomationFrameworkProject1.TestDashboardWCpg" tests="1" failures="0" timestamp="25 Apr 2019 09:48:06 GMT" time="11.828" errors="0">
  <testcase name="verifypg" time="11.828" classname="com.clc.automation.AutomationFrameworkProject1.TestDashboardWCpg"/>
</testsuite> <!-- com.clc.automation.AutomationFrameworkProject1.TestDashboardWCpg -->
