<?xml version="1.0" encoding="UTF-8"?>
<!-- Generated by org.testng.reporters.JUnitReportReporter -->
<testsuite hostname="Pratiksha-PC" name="com.clc.automation.AutomationFrameworkProject1.TestCloutchSite" tests="1" failures="0" timestamp="19 Jul 2019 07:45:09 GMT" time="22.178" errors="0">
  <testcase name="fetchclutchinfo" time="22.178" classname="com.clc.automation.AutomationFrameworkProject1.TestCloutchSite"/>
</testsuite> <!-- com.clc.automation.AutomationFrameworkProject1.TestCloutchSite -->
