<?xml version="1.0" encoding="UTF-8"?>
<!-- Generated by org.testng.reporters.JUnitReportReporter -->
<testsuite hostname="Pratiksha-PC" name="com.clc.automation.AutomationFrameworkProject1.ToolsPageTest" tests="1" failures="0" timestamp="14 Apr 2019 14:47:02 GMT" time="68.507" errors="0">
  <testcase name="verifyPracticeForm" time="68.507" classname="com.clc.automation.AutomationFrameworkProject1.ToolsPageTest"/>
</testsuite> <!-- com.clc.automation.AutomationFrameworkProject1.ToolsPageTest -->
