<?xml version="1.0" encoding="UTF-8"?>
<!-- Generated by org.testng.reporters.JUnitReportReporter -->
<testsuite hostname="Pratiksha-PC" name="com.clc.automation.AutomationFrameworkProject1.Test_Performance_ManageReview" tests="1" failures="0" timestamp="24 Jul 2019 06:57:43 GMT" time="16.480" errors="0">
  <testcase name="verifyperformance" time="16.480" classname="com.clc.automation.AutomationFrameworkProject1.Test_Performance_ManageReview"/>
</testsuite> <!-- com.clc.automation.AutomationFrameworkProject1.Test_Performance_ManageReview -->
