<?xml version="1.0" encoding="UTF-8"?>
<!-- Generated by org.testng.reporters.JUnitReportReporter -->
<testsuite hostname="Pratiksha-PC" name="com.clc.automation.AutomationFrameworkProject1.AddAdminTEST" tests="1" failures="0" timestamp="17 Apr 2019 06:43:05 GMT" time="15.104" errors="0">
  <testcase name="verifyAddAdmintest" time="15.104" classname="com.clc.automation.AutomationFrameworkProject1.AddAdminTEST"/>
</testsuite> <!-- com.clc.automation.AutomationFrameworkProject1.AddAdminTEST -->
