<?xml version="1.0" encoding="UTF-8"?>
<!-- Generated by org.testng.reporters.JUnitReportReporter -->
<testsuite hostname="Pratiksha-PC" name="com.clc.automation.AutomationFrameworkProject1.TestGuru99Alert" tests="1" failures="0" timestamp="25 Apr 2019 10:22:20 GMT" time="16.043" errors="0">
  <testcase name="alertHandling" time="16.043" classname="com.clc.automation.AutomationFrameworkProject1.TestGuru99Alert"/>
</testsuite> <!-- com.clc.automation.AutomationFrameworkProject1.TestGuru99Alert -->
