<?xml version="1.0" encoding="UTF-8"?>
<!-- Generated by org.testng.reporters.JUnitReportReporter -->
<testsuite hostname="Pratiksha-PC" name="com.clc.automation.AutomationFrameworkProject1.Test_TimeReportProjectReportPg" tests="1" failures="0" timestamp="18 Jul 2019 12:12:56 GMT" time="29.147" errors="0">
  <testcase name="verifytimereportpg" time="29.147" classname="com.clc.automation.AutomationFrameworkProject1.Test_TimeReportProjectReportPg"/>
</testsuite> <!-- com.clc.automation.AutomationFrameworkProject1.Test_TimeReportProjectReportPg -->
