<?xml version="1.0" encoding="UTF-8"?>
<!-- Generated by org.testng.reporters.JUnitReportReporter -->
<testsuite hostname="Pratiksha-PC" name="com.clc.automation.AutomationFrameworkProject1.Test_PIM_AddEmply" tests="1" failures="0" timestamp="17 May 2019 09:48:29 GMT" time="24.701" errors="0">
  <testcase name="verifythispg" time="24.701" classname="com.clc.automation.AutomationFrameworkProject1.Test_PIM_AddEmply"/>
</testsuite> <!-- com.clc.automation.AutomationFrameworkProject1.Test_PIM_AddEmply -->
